<?xml version="1.0" encoding="UTF-8"?>
<!-- Generated by org.testng.reporters.JUnitXMLReporter -->
<testsuite ignored="2" hostname="WL361105" failures="0" tests="1" name="Default test" time="0.036" errors="0" timestamp="2020-07-03T15:22:50 IST">
  <testcase classname="com.tieto.test.DemoTest" name="readProperties" time="0.006"/>
  <testcase classname="com.tieto.test.DemoTest" name="invalidTest" time="0.0">
    <ignored/>
  </testcase> <!-- invalidTest -->
  <testcase classname="com.tieto.test.DemoTest" name="fillFormTest" time="0.0">
    <ignored/>
  </testcase> <!-- fillFormTest -->
</testsuite> <!-- Default test -->
